<?xml version="1.0" encoding="UTF-8"?>
<!-- Generated by org.testng.reporters.JUnitReportReporter -->
<testsuite skipped="0" hostname="DESKTOP-MUPOVES" name="testCasesLoginPkg.LoginTest" tests="5" failures="0" timestamp="2021-10-25T17:56:39 IST" time="26.208" errors="0">
  <testcase name="doLogin" time="4.370" classname="testCasesLoginPkg.LoginTest"/>
  <system-out/>
  <testcase name="doLogin" time="7.185" classname="testCasesLoginPkg.LoginTest"/>
  <system-out/>
  <testcase name="verifyLoginTitle" time="4.550" classname="testCasesLoginPkg.LoginTest"/>
  <system-out/>
  <testcase name="doLogin" time="4.578" classname="testCasesLoginPkg.LoginTest"/>
  <system-out/>
  <testcase name="doLogin" time="5.525" classname="testCasesLoginPkg.LoginTest"/>
  <system-out/>
</testsuite> <!-- testCasesLoginPkg.LoginTest -->
